<?xml version="1.0" encoding="UTF-8"?>
<robot generator="Robot 3.2.2 (Python 3.6.8 on win32)" generated="20210209 16:59:11.155" rpa="false">
<suite id="s1" name="Hello Rf" source="D:\workPlace\robotDemo\hello_rf.robot">
<test id="s1-t1" name="case 1">
<kw name="Set Variable" library="BuiltIn">
<doc>Returns the given values which can then be assigned to a variables.</doc>
<arguments>
<arg>Hello Robot Framework</arg>
</arguments>
<assign>
<var>${myChar}</var>
</assign>
<msg timestamp="20210209 16:59:11.203" level="INFO">${myChar} = Hello Robot Framework</msg>
<status status="PASS" starttime="20210209 16:59:11.202" endtime="20210209 16:59:11.203"></status>
</kw>
<kw name="Log" library="BuiltIn">
<doc>Logs the given message with the given level.</doc>
<arguments>
<arg>${myChar}</arg>
</arguments>
<msg timestamp="20210209 16:59:11.204" level="INFO">Hello Robot Framework</msg>
<status status="PASS" starttime="20210209 16:59:11.203" endtime="20210209 16:59:11.204"></status>
</kw>
<kw name="Should Be Equal As Strings" library="BuiltIn">
<doc>Fails if objects are unequal after converting them to strings.</doc>
<arguments>
<arg>${myChar}</arg>
<arg>Hello Robot Framework</arg>
</arguments>
<status status="PASS" starttime="20210209 16:59:11.204" endtime="20210209 16:59:11.205"></status>
</kw>
<status status="PASS" starttime="20210209 16:59:11.201" endtime="20210209 16:59:11.205" critical="yes"></status>
</test>
<doc>我的第一个Robot Framework测试用例</doc>
<status status="PASS" starttime="20210209 16:59:11.174" endtime="20210209 16:59:11.206"></status>
</suite>
<statistics>
<total>
<stat pass="1" fail="0">Critical Tests</stat>
<stat pass="1" fail="0">All Tests</stat>
</total>
<tag>
</tag>
<suite>
<stat pass="1" fail="0" id="s1" name="Hello Rf">Hello Rf</stat>
</suite>
</statistics>
<errors>
</errors>
</robot>
